<?xml version="1.0" encoding="UTF-8"?>
<testng-results skipped="0" failed="0" ignored="0" total="1" passed="1">
  <reporter-output>
  </reporter-output>
  <suite name="Suite1" duration-ms="10025" started-at="2021-11-10T19:12:53 EST" finished-at="2021-11-10T19:13:03 EST">
    <groups>
      <group name="cucumber">
        <method signature="AbstractTestNGCucumberTests.runScenario(io.cucumber.testng.PickleWrapper, io.cucumber.testng.FeatureWrapper)[pri:0, instance:com.runner.RunnerZoopla@77be656f]" name="runScenario" class="io.cucumber.testng.AbstractTestNGCucumberTests"/>
      </group> <!-- cucumber -->
    </groups>
    <test name="Nopackage" duration-ms="10025" started-at="2021-11-10T19:12:53 EST" finished-at="2021-11-10T19:13:03 EST">
      <class name="com.runner.RunnerZoopla">
        <test-method status="PASS" signature="setUpClass()[pri:0, instance:com.runner.RunnerZoopla@77be656f]" name="setUpClass" is-config="true" duration-ms="245" started-at="2021-11-10T19:12:53 EST" finished-at="2021-11-10T19:12:53 EST">
          <reporter-output>
          </reporter-output>
        </test-method> <!-- setUpClass -->
        <test-method status="PASS" signature="runScenario(io.cucumber.testng.PickleWrapper, io.cucumber.testng.FeatureWrapper)[pri:0, instance:com.runner.RunnerZoopla@77be656f]" name="runScenario" duration-ms="9704" started-at="2021-11-10T19:12:53 EST" description="Runs Cucumber Scenarios" data-provider="scenarios" finished-at="2021-11-10T19:13:03 EST">
          <params>
            <param index="0">
              <value>
                <![CDATA["User able to Sign In with valid credential and verify the home page"]]>
              </value>
            </param>
            <param index="1">
              <value>
                <![CDATA["Optional[Sign In]"]]>
              </value>
            </param>
          </params>
          <reporter-output>
          </reporter-output>
        </test-method> <!-- runScenario -->
        <test-method status="PASS" signature="tearDownClass()[pri:0, instance:com.runner.RunnerZoopla@77be656f]" name="tearDownClass" is-config="true" duration-ms="54" started-at="2021-11-10T19:13:03 EST" finished-at="2021-11-10T19:13:03 EST">
          <reporter-output>
          </reporter-output>
        </test-method> <!-- tearDownClass -->
      </class> <!-- com.runner.RunnerZoopla -->
    </test> <!-- Nopackage -->
  </suite> <!-- Suite1 -->
</testng-results>
